<?xml version="1.0" encoding="UTF-8"?>
<!-- Generated by org.testng.reporters.JUnitReportReporter -->
<testsuite skipped="0" hostname="DESKTOP-OJ618SO" name="Parallel.ParallelRun" tests="2" failures="0" timestamp="25 Feb 2021 10:52:12 GMT" time="58.845" errors="0">
  <testcase name="runScenario" time="33.370" classname="Parallel.ParallelRun"/>
  <testcase name="runScenario" time="25.475" classname="Parallel.ParallelRun"/>
</testsuite> <!-- Parallel.ParallelRun -->
