<?xml version="1.0" encoding="UTF-8"?>
<!-- Generated by org.testng.reporters.JUnitReportReporter -->
<testsuite skipped="0" hostname="DESKTOP-OJ618SO" name="Parallel.ParallelRun" tests="2" failures="0" timestamp="25 Feb 2021 10:50:55 GMT" time="109.177" errors="0">
  <testcase name="runScenario" time="70.064" classname="Parallel.ParallelRun"/>
  <testcase name="runScenario" time="39.113" classname="Parallel.ParallelRun"/>
</testsuite> <!-- Parallel.ParallelRun -->
